<?xml version="1.0" encoding="UTF-8"?>
<!-- Generated by org.testng.reporters.JUnitReportReporter -->
<testsuite hostname="LAPTOP-39OLKCEM" failures="0" tests="1" name="temp.product.ccart.tc.TC_HealthCheck" time="26.282" errors="0" timestamp="2021-08-06T18:16:42 IST" skipped="0">
  <testcase classname="temp.product.ccart.tc.TC_HealthCheck" name="t_01_cscart_search" time="26.282"/>
  <system-out/>
</testsuite> <!-- temp.product.ccart.tc.TC_HealthCheck -->
